This is XeTeX, Version 3.14159265-2.6-0.99992 (TeX Live 2015/Debian) (preloaded format=xelatex 2018.6.26)  22 JUL 2018 22:04
entering extended mode
 restricted \write18 enabled.
 %&-line parsing enabled.
**Profile.tex
(./Profile.tex
LaTeX2e <2016/02/01>
Babel <3.9q> and hyphenation patterns for 81 language(s) loaded.
! Undefined control sequence.
l.4 \cvsection
              {Profile}
The control sequence at the end of the top line
of your error message was never \def'ed. If you have
misspelled it (e.g., `\hobx'), type `I' and the correct
spelling (e.g., `I\hbox'). Otherwise just continue,
and I'll forget about whatever was undefined.


! LaTeX Error: Missing \begin{document}.

See the LaTeX manual or LaTeX Companion for explanation.
Type  H <return>  for immediate help.
 ...                                              
                                                  
l.4 \cvsection{P
                rofile}
You're in trouble here.  Try typing  <return>  to proceed.
If that doesn't work, type  X <return>  to quit.

Missing character: There is no P in font nullfont!
Missing character: There is no r in font nullfont!
Missing character: There is no o in font nullfont!
Missing character: There is no f in font nullfont!
Missing character: There is no i in font nullfont!
Missing character: There is no l in font nullfont!
Missing character: There is no e in font nullfont!

Overfull \hbox (20.0pt too wide) in paragraph at lines 4--5
[] 
 []


! LaTeX Error: Environment cventries undefined.

See the LaTeX manual or LaTeX Companion for explanation.
Type  H <return>  for immediate help.
 ...                                              
                                                  
l.10 \begin{cventries}
                      
Your command was ignored.
Type  I <command> <return>  to replace it with another command,
or  <return>  to continue without it.

! Undefined control sequence.
l.14 \fontsize{10pt}{1em}\bodyfontlight
                                       \upshape\color{black}\justify
The control sequence at the end of the top line
of your error message was never \def'ed. If you have
misspelled it (e.g., `\hobx'), type `I' and the correct
spelling (e.g., `I\hbox'). Otherwise just continue,
and I'll forget about whatever was undefined.

! Undefined control sequence.
l.14 ...ize{10pt}{1em}\bodyfontlight\upshape\color
                                                  {black}\justify
The control sequence at the end of the top line
of your error message was never \def'ed. If you have
misspelled it (e.g., `\hobx'), type `I' and the correct
spelling (e.g., `I\hbox'). Otherwise just continue,
and I'll forget about whatever was undefined.


! LaTeX Error: Missing \begin{document}.

See the LaTeX manual or LaTeX Companion for explanation.
Type  H <return>  for immediate help.
 ...                                              
                                                  
l.14 ...e{10pt}{1em}\bodyfontlight\upshape\color{b
                                                  lack}\justify
You're in trouble here.  Try typing  <return>  to proceed.
If that doesn't work, type  X <return>  to quit.

! Undefined control sequence.
l.14 ...bodyfontlight\upshape\color{black}\justify
                                                  
The control sequence at the end of the top line
of your error message was never \def'ed. If you have
misspelled it (e.g., `\hobx'), type `I' and the correct
spelling (e.g., `I\hbox'). Otherwise just continue,
and I'll forget about whatever was undefined.


Overfull \hbox (65.58344pt too wide) in paragraph at lines 14--16
[]\OT1/cmr/m/n/10 blackAfter
 []


Overfull \hbox (17.27779pt too wide) in paragraph at lines 14--16
\OT1/cmr/m/n/10 suc-
 []


Overfull \hbox (20.1111pt too wide) in paragraph at lines 14--16
\OT1/cmr/m/n/10 cess-
 []


Overfull \hbox (19.44452pt too wide) in paragraph at lines 14--16
\OT1/cmr/m/n/10 fully
 []


Overfull \hbox (26.47226pt too wide) in paragraph at lines 14--16
\OT1/cmr/m/n/10 spear-
 []


Overfull \hbox (23.88893pt too wide) in paragraph at lines 14--16
\OT1/cmr/m/n/10 head-
 []


Overfull \hbox (13.33337pt too wide) in paragraph at lines 14--16
\OT1/cmr/m/n/10 ing
 []


Overfull \hbox (13.88892pt too wide) in paragraph at lines 14--16
\OT1/cmr/m/n/10 the
 []


Overfull \hbox (21.69449pt too wide) in paragraph at lines 14--16
\OT1/cmr/m/n/10 tran-
 []


Overfull \hbox (10.05556pt too wide) in paragraph at lines 14--16
\OT1/cmr/m/n/10 si-
 []


Overfull \hbox (17.22227pt too wide) in paragraph at lines 14--16
\OT1/cmr/m/n/10 tion
 []


Overfull \hbox (8.05559pt too wide) in paragraph at lines 14--16
\OT1/cmr/m/n/10 of
 []


Overfull \hbox (5.00002pt too wide) in paragraph at lines 14--16
\OT1/cmr/m/n/10 a
 []


Overfull \hbox (17.22224pt too wide) in paragraph at lines 14--16
\OT1/cmr/m/n/10 the-
 []


Overfull \hbox (8.33334pt too wide) in paragraph at lines 14--16
\OT1/cmr/m/n/10 o-
 []


Overfull \hbox (15.58334pt too wide) in paragraph at lines 14--16
\OT1/cmr/m/n/10 ret-
 []


Overfull \hbox (6.11111pt too wide) in paragraph at lines 14--16
\OT1/cmr/m/n/10 i-
 []


Overfull \hbox (12.22224pt too wide) in paragraph at lines 14--16
\OT1/cmr/m/n/10 cal
 []


Overfull \hbox (30.86116pt too wide) in paragraph at lines 14--16
\OT1/cmr/m/n/10 project
 []


Overfull \hbox (16.94449pt too wide) in paragraph at lines 14--16
\OT1/cmr/m/n/10 into
 []


Overfull \hbox (5.00002pt too wide) in paragraph at lines 14--16
\OT1/cmr/m/n/10 a
 []


Overfull \hbox (22.77783pt too wide) in paragraph at lines 14--16
\OT1/cmr/m/n/10 data-
 []


Overfull \hbox (27.25006pt too wide) in paragraph at lines 14--16
\OT1/cmr/m/n/10 driven
 []


Overfull \hbox (20.00005pt too wide) in paragraph at lines 14--16
\OT1/cmr/m/n/10 PhD
 []


Overfull \hbox (17.22224pt too wide) in paragraph at lines 14--16
\OT1/cmr/m/n/10 the-
 []


Overfull \hbox (13.44446pt too wide) in paragraph at lines 14--16
\OT1/cmr/m/n/10 sis,
 []


Overfull \hbox (5.00002pt too wide) in paragraph at lines 14--16
\OT1/cmr/m/n/10 a
 []


Overfull \hbox (21.11115pt too wide) in paragraph at lines 14--16
\OT1/cmr/m/n/10 com-
 []


Overfull \hbox (14.44447pt too wide) in paragraph at lines 14--16
\OT1/cmr/m/n/10 pu-
 []


Overfull \hbox (12.22224pt too wide) in paragraph at lines 14--16
\OT1/cmr/m/n/10 ta-
 []


Overfull \hbox (25.00008pt too wide) in paragraph at lines 14--16
\OT1/cmr/m/n/10 tional
 []


Overfull \hbox (11.66669pt too wide) in paragraph at lines 14--16
\OT1/cmr/m/n/10 bi-
 []


Overfull \hbox (11.11113pt too wide) in paragraph at lines 14--16
\OT1/cmr/m/n/10 ol-
 []


Overfull \hbox (8.33334pt too wide) in paragraph at lines 14--16
\OT1/cmr/m/n/10 o-
 []


Overfull \hbox (15.61115pt too wide) in paragraph at lines 14--16
\OT1/cmr/m/n/10 gist
 []


Overfull \hbox (22.8056pt too wide) in paragraph at lines 14--16
\OT1/cmr/m/n/10 grad-
 []


Overfull \hbox (8.8889pt too wide) in paragraph at lines 14--16
\OT1/cmr/m/n/10 u-
 []


Overfull \hbox (12.22224pt too wide) in paragraph at lines 14--16
\OT1/cmr/m/n/10 at-
 []


Overfull \hbox (13.33337pt too wide) in paragraph at lines 14--16
\OT1/cmr/m/n/10 ing
 []


Overfull \hbox (20.30562pt too wide) in paragraph at lines 14--16
\OT1/cmr/m/n/10 from
 []


Overfull \hbox (24.54169pt too wide) in paragraph at lines 14--16
\OT1/cmr/m/n/10 Geor-
 []


Overfull \hbox (12.77782pt too wide) in paragraph at lines 14--16
\OT1/cmr/m/n/10 gia
 []


Overfull \hbox (20.55556pt too wide) in paragraph at lines 14--16
\OT1/cmr/m/n/10 Tech
 []


Overfull \hbox (8.33336pt too wide) in paragraph at lines 14--16
\OT1/cmr/m/n/10 in
 []


Overfull \hbox (15.41667pt too wide) in paragraph at lines 14--16
\OT1/cmr/m/n/10 De-
 []


Overfull \hbox (20.55557pt too wide) in paragraph at lines 14--16
\OT1/cmr/m/n/10 cem-
 []


Overfull \hbox (14.19447pt too wide) in paragraph at lines 14--16
\OT1/cmr/m/n/10 ber
 []


Overfull \hbox (20.00006pt too wide) in paragraph at lines 14--16
\OT1/cmr/m/n/10 2018
 []


Overfull \hbox (6.72223pt too wide) in paragraph at lines 14--16
\OT1/cmr/m/n/10 is
 []


Overfull \hbox (21.44446pt too wide) in paragraph at lines 14--16
\OT1/cmr/m/n/10 seek-
 []


Overfull \hbox (13.33337pt too wide) in paragraph at lines 14--16
\OT1/cmr/m/n/10 ing
 []


Overfull \hbox (5.00002pt too wide) in paragraph at lines 14--16
\OT1/cmr/m/n/10 a
 []


Overfull \hbox (14.1667pt too wide) in paragraph at lines 14--16
\OT1/cmr/m/n/10 po-
 []


Overfull \hbox (10.05556pt too wide) in paragraph at lines 14--16
\OT1/cmr/m/n/10 si-
 []


Overfull \hbox (17.22227pt too wide) in paragraph at lines 14--16
\OT1/cmr/m/n/10 tion
 []


Overfull \hbox (8.94446pt too wide) in paragraph at lines 14--16
\OT1/cmr/m/n/10 as
 []


Overfull \hbox (5.00002pt too wide) in paragraph at lines 14--16
\OT1/cmr/m/n/10 a
 []


Overfull \hbox (18.33336pt too wide) in paragraph at lines 14--16
\OT1/cmr/m/n/10 con-
 []


Overfull \hbox (15.61113pt too wide) in paragraph at lines 14--16
\OT1/cmr/m/n/10 sul-
 []


Overfull \hbox (18.0556pt too wide) in paragraph at lines 14--16
\OT1/cmr/m/n/10 tant
 []


Overfull \hbox (8.88892pt too wide) in paragraph at lines 14--16
\OT1/cmr/m/n/10 at
 []


Overfull \hbox (22.15282pt too wide) in paragraph at lines 14--16
\OT1/cmr/m/n/10 BCG
 []


Overfull \hbox (8.91669pt too wide) in paragraph at lines 14--16
\OT1/cmr/m/n/10 or
 []


Overfull \hbox (22.15282pt too wide) in paragraph at lines 14--16
\OT1/cmr/m/n/10 BCG
 []


Overfull \hbox (37.29176pt too wide) in paragraph at lines 14--16
\OT1/cmr/m/n/10 Gamma.
 []


Overfull \hbox (17.91667pt too wide) in paragraph at lines 14--16
\OT1/cmr/m/n/10 Rel-
 []


Overfull \hbox (7.77777pt too wide) in paragraph at lines 14--16
\OT1/cmr/m/n/10 e-
 []


Overfull \hbox (18.88895pt too wide) in paragraph at lines 14--16
\OT1/cmr/m/n/10 vant
 []


Overfull \hbox (21.50005pt too wide) in paragraph at lines 14--16
\OT1/cmr/m/n/10 skills
 []


Overfull \hbox (16.11116pt too wide) in paragraph at lines 14--16
\OT1/cmr/m/n/10 and
 []


Overfull \hbox (13.05557pt too wide) in paragraph at lines 14--16
\OT1/cmr/m/n/10 ex-
 []


Overfull \hbox (13.61113pt too wide) in paragraph at lines 14--16
\OT1/cmr/m/n/10 pe-
 []


Overfull \hbox (10.02779pt too wide) in paragraph at lines 14--16
\OT1/cmr/m/n/10 ri-
 []


Overfull \hbox (18.8889pt too wide) in paragraph at lines 14--16
\OT1/cmr/m/n/10 ence
 []


Overfull \hbox (11.97226pt too wide) in paragraph at lines 14--16
\OT1/cmr/m/n/10 for
 []


Overfull \hbox (18.33336pt too wide) in paragraph at lines 14--16
\OT1/cmr/m/n/10 con-
 []


Overfull \hbox (19.50003pt too wide) in paragraph at lines 14--16
\OT1/cmr/m/n/10 sult-
 []


Overfull \hbox (16.11116pt too wide) in paragraph at lines 14--16
\OT1/cmr/m/n/10 ing:
 []


Overfull \hbox (21.66672pt too wide) in paragraph at lines 14--16
\OT1/cmr/m/n/10 team
 []


Overfull \hbox (21.11115pt too wide) in paragraph at lines 14--16
\OT1/cmr/m/n/10 lead-
 []


Overfull \hbox (13.33337pt too wide) in paragraph at lines 14--16
\OT1/cmr/m/n/10 ing
 []


Overfull \hbox (13.05557pt too wide) in paragraph at lines 14--16
\OT1/cmr/m/n/10 ex-
 []


Overfull \hbox (13.61113pt too wide) in paragraph at lines 14--16
\OT1/cmr/m/n/10 pe-
 []


Overfull \hbox (10.02779pt too wide) in paragraph at lines 14--16
\OT1/cmr/m/n/10 ri-
 []


Overfull \hbox (18.8889pt too wide) in paragraph at lines 14--16
\OT1/cmr/m/n/10 ence
 []


Overfull \hbox (28.3334pt too wide) in paragraph at lines 14--16
\OT1/cmr/m/n/10 gained
 []


Overfull \hbox (8.94446pt too wide) in paragraph at lines 14--16
\OT1/cmr/m/n/10 as
 []


Overfull \hbox (5.00002pt too wide) in paragraph at lines 14--16
\OT1/cmr/m/n/10 a
 []


Overfull \hbox (48.94458pt too wide) in paragraph at lines 14--16
\OT1/cmr/m/n/10 laboratory-
 []


Overfull \hbox (27.30559pt too wide) in paragraph at lines 14--16
\OT1/cmr/m/n/10 course
 []


Overfull \hbox (26.38892pt too wide) in paragraph at lines 14--16
\OT1/cmr/m/n/10 teach-
 []


Overfull \hbox (13.33337pt too wide) in paragraph at lines 14--16
\OT1/cmr/m/n/10 ing
 []


Overfull \hbox (12.27779pt too wide) in paragraph at lines 14--16
\OT1/cmr/m/n/10 as-
 []


Overfull \hbox (14.0pt too wide) in paragraph at lines 14--16
\OT1/cmr/m/n/10 sis-
 []


Overfull \hbox (20.83339pt too wide) in paragraph at lines 14--16
\OT1/cmr/m/n/10 tant,
 []


Overfull \hbox (21.6667pt too wide) in paragraph at lines 14--16
\OT1/cmr/m/n/10 men-
 []


Overfull \hbox (16.13892pt too wide) in paragraph at lines 14--16
\OT1/cmr/m/n/10 tor-
 []


Overfull \hbox (13.33337pt too wide) in paragraph at lines 14--16
\OT1/cmr/m/n/10 ing
 []


Overfull \hbox (13.05557pt too wide) in paragraph at lines 14--16
\OT1/cmr/m/n/10 ex-
 []


Overfull \hbox (13.61113pt too wide) in paragraph at lines 14--16
\OT1/cmr/m/n/10 pe-
 []


Overfull \hbox (10.02779pt too wide) in paragraph at lines 14--16
\OT1/cmr/m/n/10 ri-
 []


Overfull \hbox (18.8889pt too wide) in paragraph at lines 14--16
\OT1/cmr/m/n/10 ence
 []


Overfull \hbox (34.47232pt too wide) in paragraph at lines 14--16
\OT1/cmr/m/n/10 through
 []


Overfull \hbox (5.00002pt too wide) in paragraph at lines 14--16
\OT1/cmr/m/n/10 a
 []


Overfull \hbox (41.69453pt too wide) in paragraph at lines 14--16
\OT1/cmr/m/n/10 graduate-
 []


Overfull \hbox (63.38904pt too wide) in paragraph at lines 14--16
\OT1/cmr/m/n/10 undergraduate
 []


Overfull \hbox (21.6667pt too wide) in paragraph at lines 14--16
\OT1/cmr/m/n/10 men-
 []


Overfull \hbox (16.13892pt too wide) in paragraph at lines 14--16
\OT1/cmr/m/n/10 tor-
 []


Overfull \hbox (13.33337pt too wide) in paragraph at lines 14--16
\OT1/cmr/m/n/10 ing
 []


Overfull \hbox (24.7778pt too wide) in paragraph at lines 14--16
\OT1/cmr/m/n/10 schol-
 []


Overfull \hbox (12.25002pt too wide) in paragraph at lines 14--16
\OT1/cmr/m/n/10 ar-
 []


Overfull \hbox (17.83337pt too wide) in paragraph at lines 14--16
\OT1/cmr/m/n/10 ship
 []


Overfull \hbox (17.80559pt too wide) in paragraph at lines 14--16
\OT1/cmr/m/n/10 pro-
 []


Overfull \hbox (25.02785pt too wide) in paragraph at lines 14--16
\OT1/cmr/m/n/10 gram,
 []


Overfull \hbox (20.00005pt too wide) in paragraph at lines 14--16
\OT1/cmr/m/n/10 pub-
 []


Overfull \hbox (10.00002pt too wide) in paragraph at lines 14--16
\OT1/cmr/m/n/10 lic
 []


Overfull \hbox (27.83339pt too wide) in paragraph at lines 14--16
\OT1/cmr/m/n/10 speak-
 []


Overfull \hbox (13.33337pt too wide) in paragraph at lines 14--16
\OT1/cmr/m/n/10 ing
 []


Overfull \hbox (13.05557pt too wide) in paragraph at lines 14--16
\OT1/cmr/m/n/10 ex-
 []


Overfull \hbox (13.61113pt too wide) in paragraph at lines 14--16
\OT1/cmr/m/n/10 pe-
 []


Overfull \hbox (10.02779pt too wide) in paragraph at lines 14--16
\OT1/cmr/m/n/10 ri-
 []


Overfull \hbox (18.8889pt too wide) in paragraph at lines 14--16
\OT1/cmr/m/n/10 ence
 []


Overfull \hbox (20.30562pt too wide) in paragraph at lines 14--16
\OT1/cmr/m/n/10 from
 []


Overfull \hbox (17.25002pt too wide) in paragraph at lines 14--16
\OT1/cmr/m/n/10 pre-
 []


Overfull \hbox (17.27779pt too wide) in paragraph at lines 14--16
\OT1/cmr/m/n/10 sen-
 []


Overfull \hbox (12.22224pt too wide) in paragraph at lines 14--16
\OT1/cmr/m/n/10 ta-
 []


Overfull \hbox (21.16672pt too wide) in paragraph at lines 14--16
\OT1/cmr/m/n/10 tions
 []


Overfull \hbox (8.88892pt too wide) in paragraph at lines 14--16
\OT1/cmr/m/n/10 at
 []


Overfull \hbox (11.66669pt too wide) in paragraph at lines 14--16
\OT1/cmr/m/n/10 in-
 []


Overfull \hbox (15.58334pt too wide) in paragraph at lines 14--16
\OT1/cmr/m/n/10 ter-
 []


Overfull \hbox (13.88892pt too wide) in paragraph at lines 14--16
\OT1/cmr/m/n/10 na-
 []


Overfull \hbox (25.00008pt too wide) in paragraph at lines 14--16
\OT1/cmr/m/n/10 tional
 []


Overfull \hbox (16.11116pt too wide) in paragraph at lines 14--16
\OT1/cmr/m/n/10 and
 []


Overfull \hbox (13.88892pt too wide) in paragraph at lines 14--16
\OT1/cmr/m/n/10 do-
 []


Overfull \hbox (20.05557pt too wide) in paragraph at lines 14--16
\OT1/cmr/m/n/10 mes-
 []


Overfull \hbox (11.11113pt too wide) in paragraph at lines 14--16
\OT1/cmr/m/n/10 tic
 []


Overfull \hbox (18.33336pt too wide) in paragraph at lines 14--16
\OT1/cmr/m/n/10 con-
 []


Overfull \hbox (14.75002pt too wide) in paragraph at lines 14--16
\OT1/cmr/m/n/10 fer-
 []


Overfull \hbox (25.61113pt too wide) in paragraph at lines 14--16
\OT1/cmr/m/n/10 ences,
 []


Overfull \hbox (30.86116pt too wide) in paragraph at lines 14--16
\OT1/cmr/m/n/10 project
 []


Overfull \hbox (22.22227pt too wide) in paragraph at lines 14--16
\OT1/cmr/m/n/10 man-
 []


Overfull \hbox (17.7778pt too wide) in paragraph at lines 14--16
\OT1/cmr/m/n/10 age-
 []


Overfull \hbox (21.94449pt too wide) in paragraph at lines 14--16
\OT1/cmr/m/n/10 ment
 []


Overfull \hbox (21.50005pt too wide) in paragraph at lines 14--16
\OT1/cmr/m/n/10 skills
 []


Overfull \hbox (13.0556pt too wide) in paragraph at lines 14--16
\OT1/cmr/m/n/10 via
 []


Overfull \hbox (17.80559pt too wide) in paragraph at lines 14--16
\OT1/cmr/m/n/10 pro-
 []


Overfull \hbox (16.94449pt too wide) in paragraph at lines 14--16
\OT1/cmr/m/n/10 vid-
 []


Overfull \hbox (13.33337pt too wide) in paragraph at lines 14--16
\OT1/cmr/m/n/10 ing
 []


Overfull \hbox (21.11115pt too wide) in paragraph at lines 14--16
\OT1/cmr/m/n/10 com-
 []


Overfull \hbox (14.44447pt too wide) in paragraph at lines 14--16
\OT1/cmr/m/n/10 pu-
 []


Overfull \hbox (12.22224pt too wide) in paragraph at lines 14--16
\OT1/cmr/m/n/10 ta-
 []


Overfull \hbox (25.00008pt too wide) in paragraph at lines 14--16
\OT1/cmr/m/n/10 tional
 []


Overfull \hbox (21.66672pt too wide) in paragraph at lines 14--16
\OT1/cmr/m/n/10 anal-
 []


Overfull \hbox (8.61113pt too wide) in paragraph at lines 14--16
\OT1/cmr/m/n/10 y-
 []


Overfull \hbox (12.33333pt too wide) in paragraph at lines 14--16
\OT1/cmr/m/n/10 ses
 []


Overfull \hbox (11.97226pt too wide) in paragraph at lines 14--16
\OT1/cmr/m/n/10 for
 []


Overfull \hbox (15.00003pt too wide) in paragraph at lines 14--16
\OT1/cmr/m/n/10 five
 []


Overfull \hbox (33.63893pt too wide) in paragraph at lines 14--16
\OT1/cmr/m/n/10 cowork-
 []


Overfull \hbox (15.08334pt too wide) in paragraph at lines 14--16
\OT1/cmr/m/n/10 ers'
 []


Overfull \hbox (34.8056pt too wide) in paragraph at lines 14--16
\OT1/cmr/m/n/10 projects
 []


Overfull \hbox (18.36115pt too wide) in paragraph at lines 14--16
\OT1/cmr/m/n/10 dur-
 []


Overfull \hbox (13.33337pt too wide) in paragraph at lines 14--16
\OT1/cmr/m/n/10 ing
 []


Overfull \hbox (20.00005pt too wide) in paragraph at lines 14--16
\OT1/cmr/m/n/10 PhD
 []


Overfull \hbox (18.33336pt too wide) in paragraph at lines 14--16
\OT1/cmr/m/n/10 can-
 []


Overfull \hbox (11.66669pt too wide) in paragraph at lines 14--16
\OT1/cmr/m/n/10 di-
 []


Overfull \hbox (22.22227pt too wide) in paragraph at lines 14--16
\OT1/cmr/m/n/10 dacy,
 []


Overfull \hbox (16.11116pt too wide) in paragraph at lines 14--16
\OT1/cmr/m/n/10 and
 []


Overfull \hbox (21.13892pt too wide) in paragraph at lines 14--16
\OT1/cmr/m/n/10 writ-
 []


Overfull \hbox (13.88892pt too wide) in paragraph at lines 14--16
\OT1/cmr/m/n/10 ten
 []


Overfull \hbox (21.11115pt too wide) in paragraph at lines 14--16
\OT1/cmr/m/n/10 com-
 []


Overfull \hbox (16.94447pt too wide) in paragraph at lines 14--16
\OT1/cmr/m/n/10 mu-
 []


Overfull \hbox (11.66669pt too wide) in paragraph at lines 14--16
\OT1/cmr/m/n/10 ni-
 []


Overfull \hbox (12.77779pt too wide) in paragraph at lines 14--16
\OT1/cmr/m/n/10 ca-
 []


Overfull \hbox (17.22227pt too wide) in paragraph at lines 14--16
\OT1/cmr/m/n/10 tion
 []


Overfull \hbox (21.50005pt too wide) in paragraph at lines 14--16
\OT1/cmr/m/n/10 skills
 []


Overfull \hbox (27.3056pt too wide) in paragraph at lines 14--16
\OT1/cmr/m/n/10 sharp-
 []


Overfull \hbox (20.00003pt too wide) in paragraph at lines 14--16
\OT1/cmr/m/n/10 ened
 []


Overfull \hbox (34.47232pt too wide) in paragraph at lines 14--16
\OT1/cmr/m/n/10 through
 []


Overfull \hbox (17.7778pt too wide) in paragraph at lines 14--16
\OT1/cmr/m/n/10 aca-
 []


Overfull \hbox (25.5556pt too wide) in paragraph at lines 14--16
\OT1/cmr/m/n/10 demic
 []


Overfull \hbox (20.86116pt too wide) in paragraph at lines 14--16
\OT1/cmr/m/n/10 jour-
 []


Overfull \hbox (13.33337pt too wide) in paragraph at lines 14--16
\OT1/cmr/m/n/10 nal
 []


Overfull \hbox (12.25002pt too wide) in paragraph at lines 14--16
\OT1/cmr/m/n/10 ar-
 []


Overfull \hbox (10.00002pt too wide) in paragraph at lines 14--16
\OT1/cmr/m/n/10 ti-
 []


Overfull \hbox (11.66667pt too wide) in paragraph at lines 14--16
\OT1/cmr/m/n/10 cle
 []


Overfull \hbox (16.11116pt too wide) in paragraph at lines 14--16
\OT1/cmr/m/n/10 and
 []


Overfull \hbox (23.08339pt too wide) in paragraph at lines 14--16
\OT1/cmr/m/n/10 grant
 []


Overfull \hbox (21.13892pt too wide) in paragraph at lines 14--16
\OT1/cmr/m/n/10 writ-
 []


Overfull \hbox (16.11116pt too wide) in paragraph at lines 14--16
\OT1/cmr/m/n/10 ing. 
 []


! LaTeX Error: The font size command \normalsize is not defined:
               there is probably something wrong with the class file.

See the LaTeX manual or LaTeX Companion for explanation.
Type  H <return>  for immediate help.
 ...                                              
                                                  
l.16 
     
Your command was ignored.
Type  I <command> <return>  to replace it with another command,
or  <return>  to continue without it.

[1]

! LaTeX Error: \begin{document} ended by \end{cventries}.

See the LaTeX manual or LaTeX Companion for explanation.
Type  H <return>  for immediate help.
 ...                                              
                                                  
l.19 \end{cventries}
                    
Your command was ignored.
Type  I <command> <return>  to replace it with another command,
or  <return>  to continue without it.

)
! Emergency stop.
<*> Profile.tex
               
*** (job aborted, no legal \end found)

 
Here is how much of TeX's memory you used:
 8 strings out of 493638
 78 string characters out of 6146796
 57576 words of memory out of 5000000
 3508 multiletter control sequences out of 15000+600000
 3640 words of font info for 14 fonts, out of 8000000 for 9000
 1328 hyphenation exceptions out of 8191
 13i,4n,10p,751b,113s stack positions out of 5000i,500n,10000p,200000b,80000s
Output written on Profile.pdf (1 page).
